[icc2-lic Mon May 25 10:14:07 2026] Command 'report_qor' requires licenses
[icc2-lic Mon May 25 10:14:07 2026] Attempting to check-out alternate set of keys directly with queueing
[icc2-lic Mon May 25 10:14:07 2026] Sending count request for 'ICCompilerII-8' 
[icc2-lic Mon May 25 10:14:07 2026] Count request for 'ICCompilerII-8' returned 1 
[icc2-lic Mon May 25 10:14:07 2026] Sending check-out request for 'ICCompilerII-8' (1) with wait option
[icc2-lic Mon May 25 10:14:07 2026] Check-out request for 'ICCompilerII-8' with wait option succeeded
[icc2-lic Mon May 25 10:14:07 2026] Sending checkout check request for 'ICCompilerII-8' 
[icc2-lic Mon May 25 10:14:07 2026] Checkout check request for 'ICCompilerII-8' returned 0 
[icc2-lic Mon May 25 10:14:07 2026] Sending count request for 'ICCompilerII-8' 
[icc2-lic Mon May 25 10:14:07 2026] Count request for 'ICCompilerII-8' returned 1 
[icc2-lic Mon May 25 10:14:07 2026] Sending count request for 'ICCompilerII-NX' 
[icc2-lic Mon May 25 10:14:07 2026] Count request for 'ICCompilerII-NX' returned 1 
[icc2-lic Mon May 25 10:14:07 2026] Sending check-out request for 'ICCompilerII-NX' (1) with wait option
[icc2-lic Mon May 25 10:14:07 2026] Check-out request for 'ICCompilerII-NX' with wait option succeeded
[icc2-lic Mon May 25 10:14:07 2026] Sending checkout check request for 'ICCompilerII-NX' 
[icc2-lic Mon May 25 10:14:07 2026] Checkout check request for 'ICCompilerII-NX' returned 0 
[icc2-lic Mon May 25 10:14:07 2026] Sending count request for 'ICCompilerII-NX' 
[icc2-lic Mon May 25 10:14:07 2026] Count request for 'ICCompilerII-NX' returned 1 
[icc2-lic Mon May 25 10:14:07 2026] Check-out of alternate set of keys directly with queueing was successful
Information: Timer using 1 threads
****************************************
Report : qor
Design : soc_top
Version: U-2022.12-SP3
Date   : Mon May 25 10:14:10 2026
****************************************
Information: Corner default: no PVT mismatches. (PVT-032)
Information: The stitching and editing of coupling caps is turned OFF for design 'risc_soc_lib:init.design'. (TIM-125)
Information: Design Average RC for design init  (NEX-011)
Information: r = 0.287006 ohm/um, via_r = 5.427245 ohm/cut, c = 0.163288 ff/um, cc = 0.000000 ff/um (X dir) (NEX-017)
Information: r = 0.258626 ohm/um, via_r = 5.738473 ohm/cut, c = 0.161688 ff/um, cc = 0.000000 ff/um (Y dir) (NEX-017)
Information: The RC mode used is VR for design 'soc_top'. (NEX-022)
Information: Update timing completed net estimation for all the timing graph nets (TIM-111)
Information: Net estimation statistics: timing graph nets = 10499, routed nets = 0, across physical hierarchy nets = 0, parasitics cached nets = 0, delay annotated nets = 0, parasitics annotated nets = 0, multi-voltage nets = 0. (TIM-112)
************************************************************
Timer Settings:
Delay Calculation Style:                   auto
Signal Integrity Analysis:                 disabled
Timing Window Analysis:                    disabled
Advanced Waveform Propagation:             disabled
Variation Type:                            fixed_derate
Clock Reconvergence Pessimism Removal:     disabled
Advanced Receiver Model:                   disabled
ML Acceleration:                           off
************************************************************


Scenario           'default'
Timing Path Group  '**reg2out_default**'
----------------------------------------
Levels of Logic:                      1
Critical Path Length:              7.70
Critical Path Slack:              10.10
Critical Path Clk Period:         20.00
Total Negative Slack:              0.00
No. of Violating Paths:               0
Worst Hold Violation:              0.00
Total Hold Violation:              0.00
No. of Hold Violations:               0
----------------------------------------

Scenario           'default'
Timing Path Group  'clk'
----------------------------------------
Levels of Logic:                     51
Critical Path Length:             20.54
Critical Path Slack:              -0.93
Critical Path Clk Period:         20.00
Total Negative Slack:            -26.06
No. of Violating Paths:              30
Worst Hold Violation:              0.00
Total Hold Violation:              0.00
No. of Hold Violations:               0
----------------------------------------


Cell Count
----------------------------------------
Hierarchical Cell Count:              1
Hierarchical Port Count:            114
Leaf Cell Count:                   9015
Buf/Inv Cell Count:                1223
Buf Cell Count:                      63
Inv Cell Count:                    1160
CT Buf/Inv Cell Count:                0
Combinational Cell Count:          7479
   Single-bit Isolation Cell Count:                        0
   Multi-bit Isolation Cell Count:                         0
   Isolation Cell Banking Ratio:                           0.00%
   Single-bit Level Shifter Cell Count:                    0
   Multi-bit Level Shifter Cell Count:                     0
   Level Shifter Cell Banking Ratio:                       0.00%
   Single-bit ELS Cell Count:                              0
   Multi-bit ELS Cell Count:                               0
   ELS Cell Banking Ratio:                                 0.00%
Sequential Cell Count:             1536
   Integrated Clock-Gating Cell Count:                     0
   Sequential Macro Cell Count:                            8
   Single-bit Sequential Cell Count:                       1528
   Multi-bit Sequential Cell Count:                        0
   Sequential Cell Banking Ratio:                          0.00%
   BitsPerflop:                                            1.00
Macro Count:                          8
----------------------------------------


Area
----------------------------------------
Combinational Area:           138843.26
Noncombinational Area:         94290.11
Buf/Inv Area:                   9878.40
Total Buffer Area:               956.48
Total Inverter Area:            8921.92
Macro/Black Box Area:         221281.63
Net Area:                             0
Net XLength:                  245738.58
Net YLength:                  159895.57
----------------------------------------
Cell Area (netlist):                         454415.01
Cell Area (netlist and physical only):       454415.01
Net Length:                   405634.14


Design Rules
----------------------------------------
Total Number of Nets:             10506
Nets with Violations:               154
Max Trans Violations:               154
Max Cap Violations:                 101
----------------------------------------

1
