****************************************
Report : report_utilization
Design : soc_top
Version: U-2022.12-SP3
Date   : Mon May 25 10:14:07 2026
****************************************
Utilization Ratio:			0.4254
Utilization options:
 - Area calculation based on:		site_row of block init
 - Categories of objects excluded:	hard_macros macro_keepouts soft_macros io_cells hard_blockages 
Total Area:				824535.9360
Total Capacity Area:			548066.1760
Total Area of cells:			233133.3760
Area of excluded objects:
 - hard_macros         :		235639.0400
 - macro_keepouts      :		66771.7120
 - soft_macros         :		0.0000
 - io_cells            :		0.0000
 - hard_blockages      :		0.0000
Total Area of excluded objects:		302410.7520
Ratio of excluded objects:		0.3668

Utilization of site-rows with:
 - Site 'unit':				0.4254

0.4254
