[icc2-lic Mon May 25 10:14:39 2026] Command 'report_qor' requires licenses
[icc2-lic Mon May 25 10:14:39 2026] Attempting to check-out alternate set of keys directly with queueing
[icc2-lic Mon May 25 10:14:39 2026] Sending count request for 'ICCompilerII-8' 
[icc2-lic Mon May 25 10:14:39 2026] Count request for 'ICCompilerII-8' returned 1 
[icc2-lic Mon May 25 10:14:39 2026] Sending check-out request for 'ICCompilerII-8' (1) with wait option
[icc2-lic Mon May 25 10:14:39 2026] Check-out request for 'ICCompilerII-8' with wait option succeeded
[icc2-lic Mon May 25 10:14:39 2026] Sending checkout check request for 'ICCompilerII-8' 
[icc2-lic Mon May 25 10:14:39 2026] Checkout check request for 'ICCompilerII-8' returned 0 
[icc2-lic Mon May 25 10:14:39 2026] Sending count request for 'ICCompilerII-8' 
[icc2-lic Mon May 25 10:14:39 2026] Count request for 'ICCompilerII-8' returned 1 
[icc2-lic Mon May 25 10:14:39 2026] Sending count request for 'ICCompilerII-NX' 
[icc2-lic Mon May 25 10:14:39 2026] Count request for 'ICCompilerII-NX' returned 1 
[icc2-lic Mon May 25 10:14:39 2026] Sending check-out request for 'ICCompilerII-NX' (1) with wait option
[icc2-lic Mon May 25 10:14:39 2026] Check-out request for 'ICCompilerII-NX' with wait option succeeded
[icc2-lic Mon May 25 10:14:39 2026] Sending checkout check request for 'ICCompilerII-NX' 
[icc2-lic Mon May 25 10:14:39 2026] Checkout check request for 'ICCompilerII-NX' returned 0 
[icc2-lic Mon May 25 10:14:39 2026] Sending count request for 'ICCompilerII-NX' 
[icc2-lic Mon May 25 10:14:39 2026] Count request for 'ICCompilerII-NX' returned 1 
[icc2-lic Mon May 25 10:14:39 2026] Check-out of alternate set of keys directly with queueing was successful
****************************************
Report : qor
Design : soc_top
Version: U-2022.12-SP3
Date   : Mon May 25 10:14:41 2026
****************************************


Scenario           'default'
Timing Path Group  '**reg2out_default**'
----------------------------------------
Levels of Logic:                      1
Critical Path Length:             11.88
Critical Path Slack:               5.92
Critical Path Clk Period:         20.00
Total Negative Slack:              0.00
No. of Violating Paths:               0
Worst Hold Violation:              0.00
Total Hold Violation:              0.00
No. of Hold Violations:               0
----------------------------------------

Scenario           'default'
Timing Path Group  'clk'
----------------------------------------
Levels of Logic:                     70
Critical Path Length:             20.01
Critical Path Slack:              -0.40
Critical Path Clk Period:         20.00
Total Negative Slack:             -9.25
No. of Violating Paths:              29
Worst Hold Violation:              0.00
Total Hold Violation:              0.00
No. of Hold Violations:               0
----------------------------------------


Cell Count
----------------------------------------
Hierarchical Cell Count:              1
Hierarchical Port Count:            116
Leaf Cell Count:                   9015
Buf/Inv Cell Count:                1223
Buf Cell Count:                      63
Inv Cell Count:                    1160
CT Buf/Inv Cell Count:                0
Combinational Cell Count:          7479
   Single-bit Isolation Cell Count:                        0
   Multi-bit Isolation Cell Count:                         0
   Isolation Cell Banking Ratio:                           0.00%
   Single-bit Level Shifter Cell Count:                    0
   Multi-bit Level Shifter Cell Count:                     0
   Level Shifter Cell Banking Ratio:                       0.00%
   Single-bit ELS Cell Count:                              0
   Multi-bit ELS Cell Count:                               0
   ELS Cell Banking Ratio:                                 0.00%
Sequential Cell Count:             1536
   Integrated Clock-Gating Cell Count:                     0
   Sequential Macro Cell Count:                            8
   Single-bit Sequential Cell Count:                       1528
   Multi-bit Sequential Cell Count:                        0
   Sequential Cell Banking Ratio:                          0.00%
   BitsPerflop:                                            1.00
Macro Count:                          8
----------------------------------------


Area
----------------------------------------
Combinational Area:           138843.26
Noncombinational Area:         94290.11
Buf/Inv Area:                   9878.40
Total Buffer Area:               956.48
Total Inverter Area:            8921.92
Macro/Black Box Area:         221281.63
Net Area:                             0
Net XLength:                  445379.04
Net YLength:                  414214.10
----------------------------------------
Cell Area (netlist):                         454415.01
Cell Area (netlist and physical only):       454415.01
Net Length:                   859593.14


Design Rules
----------------------------------------
Total Number of Nets:             10505
Nets with Violations:               207
Max Trans Violations:               207
Max Cap Violations:                 116
----------------------------------------

1
