[icc2-lic Mon May 25 10:14:41 2026] Command 'report_clocks' requires licenses
[icc2-lic Mon May 25 10:14:41 2026] Attempting to check-out alternate set of keys directly with queueing
[icc2-lic Mon May 25 10:14:41 2026] Sending count request for 'ICCompilerII-8' 
[icc2-lic Mon May 25 10:14:41 2026] Count request for 'ICCompilerII-8' returned 1 
[icc2-lic Mon May 25 10:14:41 2026] Sending check-out request for 'ICCompilerII-8' (1) with wait option
[icc2-lic Mon May 25 10:14:41 2026] Check-out request for 'ICCompilerII-8' with wait option succeeded
[icc2-lic Mon May 25 10:14:41 2026] Sending checkout check request for 'ICCompilerII-8' 
[icc2-lic Mon May 25 10:14:41 2026] Checkout check request for 'ICCompilerII-8' returned 0 
[icc2-lic Mon May 25 10:14:41 2026] Sending count request for 'ICCompilerII-8' 
[icc2-lic Mon May 25 10:14:41 2026] Count request for 'ICCompilerII-8' returned 1 
[icc2-lic Mon May 25 10:14:41 2026] Sending count request for 'ICCompilerII-NX' 
[icc2-lic Mon May 25 10:14:41 2026] Count request for 'ICCompilerII-NX' returned 1 
[icc2-lic Mon May 25 10:14:41 2026] Sending check-out request for 'ICCompilerII-NX' (1) with wait option
[icc2-lic Mon May 25 10:14:41 2026] Check-out request for 'ICCompilerII-NX' with wait option succeeded
[icc2-lic Mon May 25 10:14:41 2026] Sending checkout check request for 'ICCompilerII-NX' 
[icc2-lic Mon May 25 10:14:41 2026] Checkout check request for 'ICCompilerII-NX' returned 0 
[icc2-lic Mon May 25 10:14:41 2026] Sending count request for 'ICCompilerII-NX' 
[icc2-lic Mon May 25 10:14:41 2026] Count request for 'ICCompilerII-NX' returned 1 
[icc2-lic Mon May 25 10:14:41 2026] Check-out of alternate set of keys directly with queueing was successful
Using libraries: risc_soc_lib scl180_fs120_ss SPRAM_64x32
Visiting block risc_soc_lib:placed.design
Design 'soc_top' was successfully linked.
****************************************
Report : clock
Design : soc_top
Mode   : default
Version: U-2022.12-SP3
Date   : Mon May 25 10:14:41 2026
****************************************


Attributes:
    p - Propagated clock
    G - Generated  clock
    U - Unexpanded generated clock

Clock          Period   Waveform            Attrs     Sources
--------------------------------------------------------------------------------
clk             20.00   {0 10}                        {clk}

1
