[icc2-lic Mon May 25 10:18:36 2026] Command 'report_timing' requires licenses
[icc2-lic Mon May 25 10:18:36 2026] Attempting to check-out alternate set of keys directly with queueing
[icc2-lic Mon May 25 10:18:36 2026] Sending count request for 'ICCompilerII-8' 
[icc2-lic Mon May 25 10:18:36 2026] Count request for 'ICCompilerII-8' returned 1 
[icc2-lic Mon May 25 10:18:36 2026] Sending check-out request for 'ICCompilerII-8' (1) with wait option
[icc2-lic Mon May 25 10:18:36 2026] Check-out request for 'ICCompilerII-8' with wait option succeeded
[icc2-lic Mon May 25 10:18:36 2026] Sending checkout check request for 'ICCompilerII-8' 
[icc2-lic Mon May 25 10:18:36 2026] Checkout check request for 'ICCompilerII-8' returned 0 
[icc2-lic Mon May 25 10:18:36 2026] Sending count request for 'ICCompilerII-8' 
[icc2-lic Mon May 25 10:18:36 2026] Count request for 'ICCompilerII-8' returned 1 
[icc2-lic Mon May 25 10:18:36 2026] Sending count request for 'ICCompilerII-NX' 
[icc2-lic Mon May 25 10:18:36 2026] Count request for 'ICCompilerII-NX' returned 1 
[icc2-lic Mon May 25 10:18:36 2026] Sending check-out request for 'ICCompilerII-NX' (1) with wait option
[icc2-lic Mon May 25 10:18:36 2026] Check-out request for 'ICCompilerII-NX' with wait option succeeded
[icc2-lic Mon May 25 10:18:36 2026] Sending checkout check request for 'ICCompilerII-NX' 
[icc2-lic Mon May 25 10:18:36 2026] Checkout check request for 'ICCompilerII-NX' returned 0 
[icc2-lic Mon May 25 10:18:36 2026] Sending count request for 'ICCompilerII-NX' 
[icc2-lic Mon May 25 10:18:36 2026] Count request for 'ICCompilerII-NX' returned 1 
[icc2-lic Mon May 25 10:18:36 2026] Check-out of alternate set of keys directly with queueing was successful
****************************************
Report : timing
        -path_type full
        -delay_type max
        -max_paths 1
        -report_by design
Design : soc_top
Version: U-2022.12-SP3
Date   : Mon May 25 10:18:36 2026
****************************************

  Startpoint: u_cpu/instr_reg_reg[31] (rising edge-triggered flip-flop clocked by clk)
  Endpoint: u_cpu/next_pc_reg_reg[7] (rising edge-triggered flip-flop clocked by clk)
  Mode: default
  Corner: default
  Scenario: default
  Path Group: clk
  Path Type: max

  Point                                            Incr      Path  
  ------------------------------------------------------------------------
  clock clk (rise edge)                            0.00      0.00
  clock network delay (propagated)                 0.85      0.85

  u_cpu/instr_reg_reg[31]/CP (dfnrn2)              0.00      0.85 r
  u_cpu/instr_reg_reg[31]/QN (dfnrn2)              0.55      1.40 r
  U2407/ZN (inv0d1)                                0.18      1.58 f
  U2401/ZN (nr02d1)                                0.25      1.84 r
  ctmTdsLR_1_794/ZN (nd02d0)                       0.28      2.11 f
  U2391/ZN (nr02d1)                                0.30      2.41 r
  U3142/ZN (nd12d1)                                0.66      3.07 f
  U3145/Z (ora21d1)                                0.66      3.73 f
  U2416/ZN (nr02d1)                                0.54      4.27 r
  U3255/Z (xr02d1)                                 0.48      4.74 f
  U2336/CO (ad01d0)                                0.42      5.16 f
  U2319/CO (ad01d0)                                0.44      5.60 f
  ctmTdsLR_1_750/ZN (oai21d1)                      0.12      5.72 r
  U3257/ZN (oaim21d1)                              0.16      5.88 f
  U4609/CO (ad01d1)                                0.42      6.30 f
  U4606/CO (ad01d1)                                0.41      6.70 f
  U4639/CO (ad01d1)                                0.42      7.12 f
  U2948/CO (ad01d0)                                0.42      7.55 f
  ctmTdsLR_1_1286/Z (aor22d1)                      0.25      7.80 f
  U4559/CO (ad01d1)                                0.41      8.20 f
  U2944/CO (ad01d0)                                0.44      8.64 f
  U2264/CO (ad01d1)                                0.43      9.07 f
  U4543/CO (ad01d1)                                0.41      9.49 f
  U2160/CO (ad01d1)                                0.40      9.89 f
  U2159/CO (ad01d1)                                0.40     10.29 f
  U4450/CO (ad01d1)                                0.41     10.70 f
  U2158/CO (ad01d1)                                0.47     11.17 f
  U2157/CO (ad01d1)                                0.42     11.59 f
  U4431/CO (ad01d1)                                0.41     11.99 f
  U2613/CO (ad01d1)                                0.40     12.39 f
  U4337/CO (ad01d1)                                0.41     12.80 f
  U2156/CO (ad01d1)                                0.40     13.20 f
  U2155/CO (ad01d1)                                0.41     13.61 f
  U2154/CO (ad01d1)                                0.41     14.02 f
  U2255/CO (ad01d1)                                0.40     14.41 f
  U2254/CO (ad01d0)                                0.43     14.85 f
  U2152/CO (ad01d0)                                0.43     15.28 f
  U2253/CO (ad01d0)                                0.43     15.71 f
  U2151/CO (ad01d0)                                0.43     16.14 f
  U2250/CO (ad01d0)                                0.46     16.60 f
  U2983/CO (ad01d0)                                0.44     17.04 f
  U3965/CO (ad01d0)                                0.40     17.43 f
  ctmTdsLR_1_638/Z (aoim22d1)                      0.30     17.74 f
  ctmTdsLR_1_1101/Z (aor221d1)                     0.33     18.06 f
  U2222/ZN (nd12d1)                                0.30     18.37 f
  ctmTdsLR_1_1238/ZN (oaim22d1)                    0.28     18.65 f
  U2147/ZN (nr02d1)                                0.33     18.98 r
  U4740/ZN (nr02d0)                                0.15     19.13 f
  U2146/Z (an02d1)                                 0.28     19.40 f
  U2143/ZN (inv0d1)                                0.42     19.82 r
  ctmTdsLR_1_1412/ZN (oai221d1)                    0.22     20.04 f
  u_cpu/next_pc_reg_reg[7]/D (dfnrn2)              0.00     20.04 f
  data arrival time                                         20.04

  clock clk (rise edge)                           20.00     20.00
  clock network delay (propagated)                 0.49     20.49
  u_cpu/next_pc_reg_reg[7]/CP (dfnrn2)             0.00     20.49 r
  clock uncertainty                               -0.20     20.29
  library setup time                              -0.23     20.06
  data required time                                        20.06
  ------------------------------------------------------------------------
  data required time                                        20.06
  data arrival time                                        -20.04
  ------------------------------------------------------------------------
  slack (MET)                                                0.02


1
