[icc2-lic Sun May 24 23:31:35 2026] Command 'report_qor' requires licenses
[icc2-lic Sun May 24 23:31:35 2026] Attempting to check-out alternate set of keys directly with queueing
[icc2-lic Sun May 24 23:31:35 2026] Sending count request for 'ICCompilerII-8' 
[icc2-lic Sun May 24 23:31:35 2026] Count request for 'ICCompilerII-8' returned 1 
[icc2-lic Sun May 24 23:31:35 2026] Sending check-out request for 'ICCompilerII-8' (1) with wait option
[icc2-lic Sun May 24 23:31:35 2026] Check-out request for 'ICCompilerII-8' with wait option succeeded
[icc2-lic Sun May 24 23:31:35 2026] Sending checkout check request for 'ICCompilerII-8' 
[icc2-lic Sun May 24 23:31:35 2026] Checkout check request for 'ICCompilerII-8' returned 0 
[icc2-lic Sun May 24 23:31:35 2026] Sending count request for 'ICCompilerII-8' 
[icc2-lic Sun May 24 23:31:35 2026] Count request for 'ICCompilerII-8' returned 1 
[icc2-lic Sun May 24 23:31:35 2026] Sending count request for 'ICCompilerII-NX' 
[icc2-lic Sun May 24 23:31:35 2026] Count request for 'ICCompilerII-NX' returned 1 
[icc2-lic Sun May 24 23:31:35 2026] Sending check-out request for 'ICCompilerII-NX' (1) with wait option
[icc2-lic Sun May 24 23:31:35 2026] Check-out request for 'ICCompilerII-NX' with wait option succeeded
[icc2-lic Sun May 24 23:31:35 2026] Sending checkout check request for 'ICCompilerII-NX' 
[icc2-lic Sun May 24 23:31:35 2026] Checkout check request for 'ICCompilerII-NX' returned 0 
[icc2-lic Sun May 24 23:31:35 2026] Sending count request for 'ICCompilerII-NX' 
[icc2-lic Sun May 24 23:31:35 2026] Count request for 'ICCompilerII-NX' returned 1 
[icc2-lic Sun May 24 23:31:35 2026] Check-out of alternate set of keys directly with queueing was successful
****************************************
Report : qor
Design : soc_top
Version: U-2022.12-SP3
Date   : Sun May 24 23:31:36 2026
****************************************


Scenario           'default'
Timing Path Group  '**reg2out_default**'
----------------------------------------
Levels of Logic:                      1
Critical Path Length:              2.07
Critical Path Slack:              15.66
Critical Path Clk Period:         20.00
Total Negative Slack:              0.00
No. of Violating Paths:               0
Worst Hold Violation:              0.00
Total Hold Violation:              0.00
No. of Hold Violations:               0
----------------------------------------

Scenario           'default'
Timing Path Group  'clk'
----------------------------------------
Levels of Logic:                     42
Critical Path Length:             19.61
Critical Path Slack:               0.00
Critical Path Clk Period:         20.00
Total Negative Slack:              0.00
No. of Violating Paths:               0
Worst Hold Violation:              0.00
Total Hold Violation:              0.00
No. of Hold Violations:               0
----------------------------------------


Cell Count
----------------------------------------
Hierarchical Cell Count:              3
Hierarchical Port Count:            395
Leaf Cell Count:                  57255
Buf/Inv Cell Count:                5430
Buf Cell Count:                    3598
Inv Cell Count:                    1832
CT Buf/Inv Cell Count:                0
Combinational Cell Count:         39347
   Single-bit Isolation Cell Count:                        0
   Multi-bit Isolation Cell Count:                         0
   Isolation Cell Banking Ratio:                           0.00%
   Single-bit Level Shifter Cell Count:                    0
   Multi-bit Level Shifter Cell Count:                     0
   Level Shifter Cell Banking Ratio:                       0.00%
   Single-bit ELS Cell Count:                              0
   Multi-bit ELS Cell Count:                               0
   ELS Cell Banking Ratio:                                 0.00%
Sequential Cell Count:            17908
   Integrated Clock-Gating Cell Count:                     0
   Sequential Macro Cell Count:                            0
   Single-bit Sequential Cell Count:                       17908
   Multi-bit Sequential Cell Count:                        0
   Sequential Cell Banking Ratio:                          0.00%
   BitsPerflop:                                            1.00
Macro Count:                          0
----------------------------------------


Area
----------------------------------------
Combinational Area:           777138.43
Noncombinational Area:       1124406.53
Buf/Inv Area:                  75188.74
Total Buffer Area:             60289.60
Total Inverter Area:           14899.14
Macro/Black Box Area:              0.00
Net Area:                             0
Net XLength:                 3899639.97
Net YLength:                 4355110.77
----------------------------------------
Cell Area (netlist):                        1901544.96
Cell Area (netlist and physical only):      1901544.96
Net Length:                  8254750.74


Design Rules
----------------------------------------
Total Number of Nets:             57786
Nets with Violations:                 2
Max Trans Violations:                 0
Max Cap Violations:                   2
----------------------------------------

1
