[icc2-lic Mon May 25 10:50:36 2026] Command 'report_timing' requires licenses
[icc2-lic Mon May 25 10:50:36 2026] Sending authorization request for 'ICCompilerII'
[icc2-lic Mon May 25 10:50:36 2026] Authorization request for 'ICCompilerII' failed (-5)
[icc2-lic Mon May 25 10:50:36 2026] Sending authorization request for 'ICCompilerII-4'
[icc2-lic Mon May 25 10:50:37 2026] Authorization request for 'ICCompilerII-4' failed (-5)
[icc2-lic Mon May 25 10:50:37 2026] Sending authorization request for 'ICCompilerII-8'
[icc2-lic Mon May 25 10:50:37 2026] Authorization request for 'ICCompilerII-8' succeeded
[icc2-lic Mon May 25 10:50:37 2026] Sending authorization request for 'ICCompilerII-NX'
[icc2-lic Mon May 25 10:50:37 2026] Authorization request for 'ICCompilerII-NX' succeeded
[icc2-lic Mon May 25 10:50:37 2026] Attempting to check-out alternate set of keys directly with queueing
[icc2-lic Mon May 25 10:50:37 2026] Sending count request for 'ICCompilerII-8' 
[icc2-lic Mon May 25 10:50:37 2026] Count request for 'ICCompilerII-8' returned 0 
[icc2-lic Mon May 25 10:50:37 2026] Sending check-out request for 'ICCompilerII-8' (1) with wait option
[icc2-lic Mon May 25 10:50:37 2026] Check-out request for 'ICCompilerII-8' with wait option succeeded
[icc2-lic Mon May 25 10:50:37 2026] Sending checkout check request for 'ICCompilerII-8' 
[icc2-lic Mon May 25 10:50:37 2026] Checkout check request for 'ICCompilerII-8' returned 0 
[icc2-lic Mon May 25 10:50:37 2026] Sending count request for 'ICCompilerII-8' 
[icc2-lic Mon May 25 10:50:37 2026] Count request for 'ICCompilerII-8' returned 1 
[icc2-lic Mon May 25 10:50:37 2026] Sending count request for 'ICCompilerII-NX' 
[icc2-lic Mon May 25 10:50:37 2026] Count request for 'ICCompilerII-NX' returned 0 
[icc2-lic Mon May 25 10:50:37 2026] Sending check-out request for 'ICCompilerII-NX' (1) with wait option
[icc2-lic Mon May 25 10:50:37 2026] Check-out request for 'ICCompilerII-NX' with wait option succeeded
[icc2-lic Mon May 25 10:50:37 2026] Sending checkout check request for 'ICCompilerII-NX' 
[icc2-lic Mon May 25 10:50:37 2026] Checkout check request for 'ICCompilerII-NX' returned 0 
[icc2-lic Mon May 25 10:50:37 2026] Sending count request for 'ICCompilerII-NX' 
[icc2-lic Mon May 25 10:50:37 2026] Count request for 'ICCompilerII-NX' returned 1 
[icc2-lic Mon May 25 10:50:37 2026] Check-out of alternate set of keys directly with queueing was successful
Using libraries: risc_soc_lib scl180_fs120_ss SPRAM_64x32
Warning: In library risc_soc_lib, no block views exist for block soc_top. (LNK-064)
Visiting block risc_soc_lib:routed.design
Design 'soc_top' was successfully linked.
Information: Timer using 1 threads
Information: Corner default: no PVT mismatches. (PVT-032)
Information: The stitching and editing of coupling caps is turned OFF for design 'risc_soc_lib:routed.design'. (TIM-125)
Information: Design routed has 10172 nets, 0 global routed, 10170 detail routed. (NEX-024)
Information: The RC mode used is DR for design 'soc_top'. (NEX-022)
---extraction options---
Corner: default
 late_cap_scale                : 1
 late_res_scale                : 1
 early_cap_scale               : 1
 early_res_scale               : 1
Global options:
 reference_direction       : use_from_tluplus
 real_metalfill_extraction : none
 virtual_shield_extraction : true
---app options---
 host.max_cores                   : 1
 extract.connect_open           : true
 extract.enable_coupling_cap    : false
Extracting design: routed 
Information: coupling capacitance is lumped to ground. (NEX-030)
Information: 10170 nets are successfully extracted. (NEX-028)
Warning: Advanced receiver model has not been enabled for detailed routed design. (TIM-204)
Information: Update timing completed net estimation for all the timing graph nets (TIM-111)
Information: Net estimation statistics: timing graph nets = 10170, routed nets = 10170, across physical hierarchy nets = 0, parasitics cached nets = 10170, delay annotated nets = 0, parasitics annotated nets = 0, multi-voltage nets = 0. (TIM-112)
************************************************************
Timer Settings:
Delay Calculation Style:                   auto
Signal Integrity Analysis:                 disabled
Timing Window Analysis:                    disabled
Advanced Waveform Propagation:             disabled
Variation Type:                            fixed_derate
Clock Reconvergence Pessimism Removal:     disabled
Advanced Receiver Model:                   disabled
ML Acceleration:                           off
************************************************************
****************************************
Report : timing
        -path_type full
        -delay_type max
        -max_paths 1
        -report_by design
Design : soc_top
Version: U-2022.12-SP3
Date   : Mon May 25 10:50:41 2026
****************************************

  Startpoint: u_cpu/instr_reg_reg[29] (rising edge-triggered flip-flop clocked by clk)
  Endpoint: u_cpu/next_pc_reg_reg[7] (rising edge-triggered flip-flop clocked by clk)
  Mode: default
  Corner: default
  Scenario: default
  Path Group: clk
  Path Type: max

  Point                                            Incr      Path  
  ------------------------------------------------------------------------
  clock clk (rise edge)                            0.00      0.00
  clock network delay (propagated)                 0.85      0.85

  u_cpu/instr_reg_reg[29]/CP (dfnrn2)              0.00      0.85 r
  u_cpu/instr_reg_reg[29]/QN (dfnrn2)              0.56      1.41 r
  U2976/ZN (inv0d2)                                0.10      1.51 f
  U2401/ZN (nr02d1)                                0.26      1.77 r
  ctmTdsLR_1_794/ZN (nd02d1)                       0.22      1.99 f
  U2391/ZN (nr02d1)                                0.28      2.27 r
  U3142/ZN (nd12d1)                                0.64      2.91 f
  U3145/Z (ora21d2)                                0.64      3.55 f
  U2416/ZN (nr02d1)                                0.52      4.06 r
  U3148/ZN (inv0d2)                                0.16      4.23 f
  U2340/ZN (inv0d2)                                0.11      4.34 r
  U3254/Z (xr02d1)                                 0.44      4.78 f
  U2319/CO (ad01d1)                                0.56      5.34 f
  ctmTdsLR_1_750/ZN (oai21d1)                      0.12      5.46 r
  U3257/ZN (oaim21d1)                              0.16      5.62 f
  U4609/CO (ad01d1)                                0.42      6.04 f
  U4606/CO (ad01d1)                                0.41      6.44 f
  U4639/CO (ad01d1)                                0.42      6.86 f
  U2948/CO (ad01d1)                                0.40      7.26 f
  ctmTdsLR_1_1286/Z (aor22d1)                      0.24      7.50 f
  U4559/CO (ad01d1)                                0.41      7.91 f
  U2944/CO (ad01d2)                                0.42      8.32 f
  U2264/CO (ad01d1)                                0.41      8.73 f
  U4543/CO (ad01d1)                                0.41      9.14 f
  U2160/CO (ad01d1)                                0.40      9.54 f
  U2159/CO (ad01d1)                                0.40      9.94 f
  U4450/CO (ad01d1)                                0.41     10.35 f
  U2158/CO (ad01d1)                                0.46     10.81 f
  U2157/CO (ad01d1)                                0.42     11.22 f
  U4431/CO (ad01d1)                                0.41     11.63 f
  U2613/CO (ad01d1)                                0.40     12.03 f
  U4337/CO (ad01d1)                                0.41     12.45 f
  U2156/CO (ad01d1)                                0.40     12.85 f
  U2155/CO (ad01d1)                                0.41     13.27 f
  U2154/CO (ad01d1)                                0.41     13.67 f
  U2255/CO (ad01d1)                                0.40     14.07 f
  U2254/CO (ad01d1)                                0.40     14.48 f
  U2152/CO (ad01d1)                                0.40     14.88 f
  U2253/CO (ad01d1)                                0.40     15.28 f
  U2151/CO (ad01d1)                                0.40     15.68 f
  U2250/CO (ad01d2)                                0.42     16.09 f
  U2983/CO (ad01d1)                                0.40     16.49 f
  U3965/CO (ad01d0)                                0.39     16.88 f
  ctmTdsLR_1_638/Z (aoim22d2)                      0.28     17.16 f
  ctmTdsLR_1_1101/Z (aor221d1)                     0.32     17.48 f
  U2222/ZN (nd12d1)                                0.29     17.77 f
  ctmTdsLR_1_1238/ZN (oaim22d1)                    0.27     18.04 f
  U2147/ZN (nr02d0)                                0.63     18.67 r
  U2070/ZN (inv0d1)                                0.07     18.74 f
  U4739/ZN (nr02d0)                                0.50     19.24 r
  U2145/ZN (inv0d2)                                0.45     19.69 f
  ctmTdsLR_1_1412/ZN (oai221d1)                    0.45     20.13 r
  u_cpu/next_pc_reg_reg[7]/D (dfnrn2)              0.00     20.13 r
  data arrival time                                         20.13

  clock clk (rise edge)                           20.00     20.00
  clock network delay (propagated)                 0.48     20.48
  u_cpu/next_pc_reg_reg[7]/CP (dfnrn2)             0.00     20.48 r
  clock uncertainty                               -0.20     20.28
  library setup time                              -0.14     20.14
  data required time                                        20.14
  ------------------------------------------------------------------------
  data required time                                        20.14
  data arrival time                                        -20.13
  ------------------------------------------------------------------------
  slack (MET)                                                0.00


1
