****************************************
Report : report_utilization
Design : soc_top
Version: U-2022.12-SP3
Date   : Mon May 25 10:50:46 2026
****************************************
Utilization Ratio:			0.4691
Utilization options:
 - Area calculation based on:		site_row of block routed
 - Categories of objects excluded:	hard_macros macro_keepouts soft_macros io_cells hard_blockages 
Total Area:				824535.9360
Total Capacity Area:			512353.4080
Total Area of cells:			240352.4480
Area of excluded objects:
 - hard_macros         :		235639.0400
 - macro_keepouts      :		183129.8560
 - soft_macros         :		0.0000
 - io_cells            :		0.0000
 - hard_blockages      :		0.0000
Total Area of excluded objects:		418768.8960
Ratio of excluded objects:		0.5079

Utilization of site-rows with:
 - Site 'unit':				0.4691

0.4691
