[icc2-lic Sun May 24 22:22:36 2026] Command 'report_qor' requires licenses
[icc2-lic Sun May 24 22:22:36 2026] Attempting to check-out alternate set of keys directly with queueing
[icc2-lic Sun May 24 22:22:36 2026] Sending count request for 'ICCompilerII-8' 
[icc2-lic Sun May 24 22:22:36 2026] Count request for 'ICCompilerII-8' returned 1 
[icc2-lic Sun May 24 22:22:36 2026] Sending check-out request for 'ICCompilerII-8' (1) with wait option
[icc2-lic Sun May 24 22:22:36 2026] Check-out request for 'ICCompilerII-8' with wait option succeeded
[icc2-lic Sun May 24 22:22:36 2026] Sending checkout check request for 'ICCompilerII-8' 
[icc2-lic Sun May 24 22:22:36 2026] Checkout check request for 'ICCompilerII-8' returned 0 
[icc2-lic Sun May 24 22:22:36 2026] Sending count request for 'ICCompilerII-8' 
[icc2-lic Sun May 24 22:22:36 2026] Count request for 'ICCompilerII-8' returned 1 
[icc2-lic Sun May 24 22:22:36 2026] Sending count request for 'ICCompilerII-NX' 
[icc2-lic Sun May 24 22:22:36 2026] Count request for 'ICCompilerII-NX' returned 1 
[icc2-lic Sun May 24 22:22:36 2026] Sending check-out request for 'ICCompilerII-NX' (1) with wait option
[icc2-lic Sun May 24 22:22:36 2026] Check-out request for 'ICCompilerII-NX' with wait option succeeded
[icc2-lic Sun May 24 22:22:36 2026] Sending checkout check request for 'ICCompilerII-NX' 
[icc2-lic Sun May 24 22:22:36 2026] Checkout check request for 'ICCompilerII-NX' returned 0 
[icc2-lic Sun May 24 22:22:36 2026] Sending count request for 'ICCompilerII-NX' 
[icc2-lic Sun May 24 22:22:36 2026] Count request for 'ICCompilerII-NX' returned 1 
[icc2-lic Sun May 24 22:22:36 2026] Check-out of alternate set of keys directly with queueing was successful
Information: Timer using 1 threads
****************************************
Report : qor
Design : soc_top
Version: U-2022.12-SP3
Date   : Sun May 24 22:22:38 2026
****************************************
Information: Corner default: no PVT mismatches. (PVT-032)
Warning: no valid parasitic for default corner(LATE) (NEX-018)
Warning: no valid parasitic for default corner(EARLY) (NEX-018)
Warning: no valid parasitic for (all corners) corner((both specs)) (NEX-018)
Information: The stitching and editing of coupling caps is turned OFF for design 'risc_soc_lib:init.design'. (TIM-125)
Warning: The extractor can not be initialized for block 'init'. (TIM-103)
Warning: The extractor can not be initialized for design 'soc_top'. Zero interconnect delay is used in timing analysis. (TIM-102)
Warning: Batch extraction is skipped for block "soc_top"
Information: Update timing completed net estimation for all the timing graph nets (TIM-111)
Information: Net estimation statistics: timing graph nets = 57250, routed nets = 0, across physical hierarchy nets = 0, parasitics cached nets = 0, delay annotated nets = 0, parasitics annotated nets = 0, multi-voltage nets = 0. (TIM-112)
************************************************************
Timer Settings:
Delay Calculation Style:                   auto
Signal Integrity Analysis:                 disabled
Timing Window Analysis:                    disabled
Advanced Waveform Propagation:             disabled
Variation Type:                            fixed_derate
Clock Reconvergence Pessimism Removal:     disabled
Advanced Receiver Model:                   disabled
ML Acceleration:                           off
************************************************************


Scenario           'default'
Timing Path Group  '**reg2out_default**'
----------------------------------------
Levels of Logic:                      1
Critical Path Length:              0.85
Critical Path Slack:              16.95
Critical Path Clk Period:         20.00
Total Negative Slack:              0.00
No. of Violating Paths:               0
Worst Hold Violation:              0.00
Total Hold Violation:              0.00
No. of Hold Violations:               0
----------------------------------------

Scenario           'default'
Timing Path Group  'clk'
----------------------------------------
Levels of Logic:                     44
Critical Path Length:             13.68
Critical Path Slack:               5.90
Critical Path Clk Period:         20.00
Total Negative Slack:              0.00
No. of Violating Paths:               0
Worst Hold Violation:              0.00
Total Hold Violation:              0.00
No. of Hold Violations:               0
----------------------------------------


Cell Count
----------------------------------------
Hierarchical Cell Count:              3
Hierarchical Port Count:            327
Leaf Cell Count:                  56715
Buf/Inv Cell Count:                4729
Buf Cell Count:                    2509
Inv Cell Count:                    2220
CT Buf/Inv Cell Count:                0
Combinational Cell Count:         38807
   Single-bit Isolation Cell Count:                        0
   Multi-bit Isolation Cell Count:                         0
   Isolation Cell Banking Ratio:                           0.00%
   Single-bit Level Shifter Cell Count:                    0
   Multi-bit Level Shifter Cell Count:                     0
   Level Shifter Cell Banking Ratio:                       0.00%
   Single-bit ELS Cell Count:                              0
   Multi-bit ELS Cell Count:                               0
   ELS Cell Banking Ratio:                                 0.00%
Sequential Cell Count:            17908
   Integrated Clock-Gating Cell Count:                     0
   Sequential Macro Cell Count:                            0
   Single-bit Sequential Cell Count:                       17908
   Multi-bit Sequential Cell Count:                        0
   Sequential Cell Banking Ratio:                          0.00%
   BitsPerflop:                                            1.00
Macro Count:                          0
----------------------------------------


Area
----------------------------------------
Combinational Area:           763186.37
Noncombinational Area:       1067541.44
Buf/Inv Area:                  58238.66
Total Buffer Area:             38597.89
Total Inverter Area:           19640.77
Macro/Black Box Area:              0.00
Net Area:                             0
Net XLength:                  287823.79
Net YLength:                  101636.20
----------------------------------------
Cell Area (netlist):                        1830727.81
Cell Area (netlist and physical only):      1830727.81
Net Length:                   389459.99


Design Rules
----------------------------------------
Total Number of Nets:             57268
Nets with Violations:                 0
Max Trans Violations:                 0
Max Cap Violations:                   0
----------------------------------------

1
