INFO: [VRFC 10-2263] Analyzing Verilog file "D:/Vivado_Projects/RISC_SOC_v3/RISC_SOC_v3.srcs/sources_1/imports/new/alu_control.v" into library xil_defaultlib
INFO: [VRFC 10-311] analyzing module alu_control
INFO: [VRFC 10-2263] Analyzing Verilog file "D:/Vivado_Projects/RISC_SOC_v3/RISC_SOC_v3.srcs/sources_1/imports/new/branch_unit.v" into library xil_defaultlib
INFO: [VRFC 10-311] analyzing module branch_unit
INFO: [VRFC 10-2263] Analyzing Verilog file "D:/Vivado_Projects/RISC_SOC_v3/RISC_SOC_v3.srcs/sources_1/imports/new/control_unit.v" into library xil_defaultlib
INFO: [VRFC 10-311] analyzing module control_unit
INFO: [VRFC 10-2263] Analyzing Verilog file "D:/Vivado_Projects/RISC_SOC_v3/RISC_SOC_v3.srcs/sources_1/imports/new/cpu_top.v" into library xil_defaultlib
INFO: [VRFC 10-311] analyzing module cpu_top
INFO: [VRFC 10-2263] Analyzing Verilog file "D:/Vivado_Projects/RISC_SOC_v3/RISC_SOC_v3.srcs/sources_1/imports/new/data_memory.v" into library xil_defaultlib
INFO: [VRFC 10-311] analyzing module data_memory
INFO: [VRFC 10-2263] Analyzing Verilog file "D:/Vivado_Projects/RISC_SOC_v3/RISC_SOC_v3.srcs/sources_1/imports/new/decoder.v" into library xil_defaultlib
INFO: [VRFC 10-311] analyzing module decoder
INFO: [VRFC 10-2263] Analyzing Verilog file "D:/Vivado_Projects/RISC_SOC_v3/RISC_SOC_v3.srcs/sources_1/imports/new/immediate_generator.v" into library xil_defaultlib
INFO: [VRFC 10-311] analyzing module immediate_generator
INFO: [VRFC 10-2263] Analyzing Verilog file "D:/Vivado_Projects/RISC_SOC_v3/RISC_SOC_v3.srcs/sources_1/imports/new/instruction_memory.v" into library xil_defaultlib
INFO: [VRFC 10-311] analyzing module instruction_memory
INFO: [VRFC 10-2263] Analyzing Verilog file "D:/Vivado_Projects/RISC_SOC_v3/RISC_SOC_v3.srcs/sources_1/imports/new/pc.v" into library xil_defaultlib
INFO: [VRFC 10-311] analyzing module pc
INFO: [VRFC 10-2263] Analyzing Verilog file "D:/Vivado_Projects/RISC_SOC_v3/RISC_SOC_v3.srcs/sources_1/imports/new/register_file.v" into library xil_defaultlib
INFO: [VRFC 10-311] analyzing module register_file
INFO: [VRFC 10-2263] Analyzing Verilog file "D:/Vivado_Projects/RISC_SOC_v3/RISC_SOC_v3.srcs/sim_1/imports/new/cpu_tb.v" into library xil_defaultlib
INFO: [VRFC 10-311] analyzing module cpu_top_tb
