
*** Running vivado
    with args -log nexys4_top.vds -m64 -product Vivado -mode batch -messageDb vivado.pb -notrace -source nexys4_top.tcl



****** Vivado v2020.2 (64-bit)
  **** SW Build 3064766 on Wed Nov 18 09:12:45 MST 2020
  **** IP Build 3064653 on Wed Nov 18 14:17:31 MST 2020
    ** Copyright 1986-2020 Xilinx, Inc. All Rights Reserved.

source nexys4_top.tcl -notrace
Command: synth_design -top nexys4_top -part xc7a100tcsg324-1
Starting synth_design
Attempting to get a license for feature 'Synthesis' and/or device 'xc7a100t'
INFO: [Common 17-349] Got license for feature 'Synthesis' and/or device 'xc7a100t'
INFO: [Device 21-403] Loading part xc7a100tcsg324-1
INFO: [Synth 8-7079] Multithreading enabled for synth_design using a maximum of 2 processes.
INFO: [Synth 8-7078] Launching helper process for spawning children vivado processes
INFO: [Synth 8-7075] Helper process launched with PID 13544
---------------------------------------------------------------------------------
Starting RTL Elaboration : Time (s): cpu = 00:00:05 ; elapsed = 00:00:04 . Memory (MB): peak = 1186.742 ; gain = 41.910
---------------------------------------------------------------------------------
INFO: [Synth 8-6157] synthesizing module 'nexys4_top' [D:/Vivado_Projects/RISC_SOC_v3/RISC_SOC_v3.srcs/sources_1/imports/new/nexys4_top.v:4]
INFO: [Synth 8-6157] synthesizing module 'soc_top' [D:/Vivado_Projects/RISC_SOC_v3/RISC_SOC_v3.srcs/sources_1/new/soc_top.v:4]
	Parameter CLKS_PER_BIT bound to: 868 - type: integer 
	Parameter TX_IDLE bound to: 4'b0000 
	Parameter TX_READY bound to: 4'b0001 
	Parameter TX_LOAD bound to: 4'b0010 
	Parameter TX_RUN bound to: 4'b0011 
	Parameter TX_CPU bound to: 4'b0100 
	Parameter TX_TRACE bound to: 4'b0101 
INFO: [Synth 8-6157] synthesizing module 'uart_rx' [D:/Vivado_Projects/RISC_SOC_v3/RISC_SOC_v3.srcs/sources_1/new/uart_rx.v:3]
	Parameter CLKS_PER_BIT bound to: 868 - type: integer 
	Parameter IDLE bound to: 3'b000 
	Parameter START bound to: 3'b001 
	Parameter DATA bound to: 3'b010 
	Parameter STOP bound to: 3'b011 
	Parameter DONE bound to: 3'b100 
INFO: [Synth 8-6155] done synthesizing module 'uart_rx' (1#1) [D:/Vivado_Projects/RISC_SOC_v3/RISC_SOC_v3.srcs/sources_1/new/uart_rx.v:3]
INFO: [Synth 8-6157] synthesizing module 'hex_parser' [D:/Vivado_Projects/RISC_SOC_v3/RISC_SOC_v3.srcs/sources_1/new/hex_parser.v:3]
INFO: [Synth 8-6155] done synthesizing module 'hex_parser' (2#1) [D:/Vivado_Projects/RISC_SOC_v3/RISC_SOC_v3.srcs/sources_1/new/hex_parser.v:3]
INFO: [Synth 8-6157] synthesizing module 'program_loader' [D:/Vivado_Projects/RISC_SOC_v3/RISC_SOC_v3.srcs/sources_1/new/program_loader.v:3]
	Parameter STATE_LOAD bound to: 1'b0 
	Parameter STATE_RUN bound to: 1'b1 
INFO: [Synth 8-6155] done synthesizing module 'program_loader' (3#1) [D:/Vivado_Projects/RISC_SOC_v3/RISC_SOC_v3.srcs/sources_1/new/program_loader.v:3]
INFO: [Synth 8-6157] synthesizing module 'cpu_top' [D:/Vivado_Projects/RISC_SOC_v3/RISC_SOC_v3.srcs/sources_1/imports/new/cpu_top.v:4]
INFO: [Synth 8-6157] synthesizing module 'pc' [D:/Vivado_Projects/RISC_SOC_v3/RISC_SOC_v3.srcs/sources_1/imports/new/pc.v:4]
INFO: [Synth 8-6155] done synthesizing module 'pc' (4#1) [D:/Vivado_Projects/RISC_SOC_v3/RISC_SOC_v3.srcs/sources_1/imports/new/pc.v:4]
INFO: [Synth 8-6157] synthesizing module 'instruction_memory_writable' [D:/Vivado_Projects/RISC_SOC_v3/RISC_SOC_v3.srcs/sources_1/new/instruction_memory_writable.v:4]
	Parameter DEPTH bound to: 256 - type: integer 
INFO: [Synth 8-6155] done synthesizing module 'instruction_memory_writable' (5#1) [D:/Vivado_Projects/RISC_SOC_v3/RISC_SOC_v3.srcs/sources_1/new/instruction_memory_writable.v:4]
INFO: [Synth 8-6157] synthesizing module 'decoder' [D:/Vivado_Projects/RISC_SOC_v3/RISC_SOC_v3.srcs/sources_1/imports/new/decoder.v:4]
INFO: [Synth 8-6155] done synthesizing module 'decoder' (6#1) [D:/Vivado_Projects/RISC_SOC_v3/RISC_SOC_v3.srcs/sources_1/imports/new/decoder.v:4]
INFO: [Synth 8-6157] synthesizing module 'immediate_generator' [D:/Vivado_Projects/RISC_SOC_v3/RISC_SOC_v3.srcs/sources_1/imports/new/immediate_generator.v:4]
INFO: [Synth 8-6155] done synthesizing module 'immediate_generator' (7#1) [D:/Vivado_Projects/RISC_SOC_v3/RISC_SOC_v3.srcs/sources_1/imports/new/immediate_generator.v:4]
INFO: [Synth 8-6157] synthesizing module 'control_unit' [D:/Vivado_Projects/RISC_SOC_v3/RISC_SOC_v3.srcs/sources_1/imports/new/control_unit.v:4]
INFO: [Synth 8-6155] done synthesizing module 'control_unit' (8#1) [D:/Vivado_Projects/RISC_SOC_v3/RISC_SOC_v3.srcs/sources_1/imports/new/control_unit.v:4]
INFO: [Synth 8-6157] synthesizing module 'alu_control' [D:/Vivado_Projects/RISC_SOC_v3/RISC_SOC_v3.srcs/sources_1/imports/new/alu_control.v:4]
INFO: [Synth 8-6155] done synthesizing module 'alu_control' (9#1) [D:/Vivado_Projects/RISC_SOC_v3/RISC_SOC_v3.srcs/sources_1/imports/new/alu_control.v:4]
INFO: [Synth 8-6157] synthesizing module 'register_file' [D:/Vivado_Projects/RISC_SOC_v3/RISC_SOC_v3.srcs/sources_1/imports/new/register_file.v:4]
INFO: [Synth 8-6155] done synthesizing module 'register_file' (10#1) [D:/Vivado_Projects/RISC_SOC_v3/RISC_SOC_v3.srcs/sources_1/imports/new/register_file.v:4]
INFO: [Synth 8-6157] synthesizing module 'alu' [D:/Vivado_Projects/RISC_SOC_v3/RISC_SOC_v3.srcs/sources_1/imports/new/alu.v:4]
INFO: [Synth 8-6155] done synthesizing module 'alu' (11#1) [D:/Vivado_Projects/RISC_SOC_v3/RISC_SOC_v3.srcs/sources_1/imports/new/alu.v:4]
INFO: [Synth 8-6157] synthesizing module 'branch_unit' [D:/Vivado_Projects/RISC_SOC_v3/RISC_SOC_v3.srcs/sources_1/imports/new/branch_unit.v:4]
INFO: [Synth 8-6155] done synthesizing module 'branch_unit' (12#1) [D:/Vivado_Projects/RISC_SOC_v3/RISC_SOC_v3.srcs/sources_1/imports/new/branch_unit.v:4]
INFO: [Synth 8-6157] synthesizing module 'data_memory' [D:/Vivado_Projects/RISC_SOC_v3/RISC_SOC_v3.srcs/sources_1/imports/new/data_memory.v:4]
	Parameter DEPTH bound to: 256 - type: integer 
INFO: [Synth 8-6155] done synthesizing module 'data_memory' (13#1) [D:/Vivado_Projects/RISC_SOC_v3/RISC_SOC_v3.srcs/sources_1/imports/new/data_memory.v:4]
INFO: [Synth 8-6155] done synthesizing module 'cpu_top' (14#1) [D:/Vivado_Projects/RISC_SOC_v3/RISC_SOC_v3.srcs/sources_1/imports/new/cpu_top.v:4]
INFO: [Synth 8-6157] synthesizing module 'uart_tx' [D:/Vivado_Projects/RISC_SOC_v3/RISC_SOC_v3.srcs/sources_1/new/uart_tx.v:3]
	Parameter CLKS_PER_BIT bound to: 868 - type: integer 
	Parameter IDLE bound to: 3'b000 
	Parameter START bound to: 3'b001 
	Parameter DATA bound to: 3'b010 
	Parameter STOP bound to: 3'b011 
	Parameter CLEAN bound to: 3'b100 
INFO: [Synth 8-6155] done synthesizing module 'uart_tx' (15#1) [D:/Vivado_Projects/RISC_SOC_v3/RISC_SOC_v3.srcs/sources_1/new/uart_tx.v:3]
INFO: [Synth 8-6157] synthesizing module 'uart_status' [D:/Vivado_Projects/RISC_SOC_v3/RISC_SOC_v3.srcs/sources_1/new/uart_status_tx.v:3]
INFO: [Synth 8-6155] done synthesizing module 'uart_status' (16#1) [D:/Vivado_Projects/RISC_SOC_v3/RISC_SOC_v3.srcs/sources_1/new/uart_status_tx.v:3]
INFO: [Synth 8-6155] done synthesizing module 'soc_top' (17#1) [D:/Vivado_Projects/RISC_SOC_v3/RISC_SOC_v3.srcs/sources_1/new/soc_top.v:4]
INFO: [Synth 8-6157] synthesizing module 'seg7_driver' [D:/Vivado_Projects/RISC_SOC_v3/RISC_SOC_v3.srcs/sources_1/imports/new/seg7_driver.v:3]
INFO: [Synth 8-226] default block is never used [D:/Vivado_Projects/RISC_SOC_v3/RISC_SOC_v3.srcs/sources_1/imports/new/seg7_driver.v:41]
INFO: [Synth 8-226] default block is never used [D:/Vivado_Projects/RISC_SOC_v3/RISC_SOC_v3.srcs/sources_1/imports/new/seg7_driver.v:58]
INFO: [Synth 8-226] default block is never used [D:/Vivado_Projects/RISC_SOC_v3/RISC_SOC_v3.srcs/sources_1/imports/new/seg7_driver.v:88]
INFO: [Synth 8-6155] done synthesizing module 'seg7_driver' (18#1) [D:/Vivado_Projects/RISC_SOC_v3/RISC_SOC_v3.srcs/sources_1/imports/new/seg7_driver.v:3]
INFO: [Synth 8-6155] done synthesizing module 'nexys4_top' (19#1) [D:/Vivado_Projects/RISC_SOC_v3/RISC_SOC_v3.srcs/sources_1/imports/new/nexys4_top.v:4]
---------------------------------------------------------------------------------
Finished RTL Elaboration : Time (s): cpu = 00:00:06 ; elapsed = 00:00:06 . Memory (MB): peak = 1250.664 ; gain = 105.832
---------------------------------------------------------------------------------
---------------------------------------------------------------------------------
Start Handling Custom Attributes
---------------------------------------------------------------------------------
---------------------------------------------------------------------------------
Finished Handling Custom Attributes : Time (s): cpu = 00:00:06 ; elapsed = 00:00:06 . Memory (MB): peak = 1250.664 ; gain = 105.832
---------------------------------------------------------------------------------
---------------------------------------------------------------------------------
Finished RTL Optimization Phase 1 : Time (s): cpu = 00:00:06 ; elapsed = 00:00:06 . Memory (MB): peak = 1250.664 ; gain = 105.832
---------------------------------------------------------------------------------
Netlist sorting complete. Time (s): cpu = 00:00:00 ; elapsed = 00:00:00.034 . Memory (MB): peak = 1250.664 ; gain = 0.000
INFO: [Project 1-570] Preparing netlist for logic optimization

Processing XDC Constraints
Initializing timing engine
Parsing XDC File [D:/Vivado_Projects/RISC_SOC_v3/RISC_SOC_v3.srcs/constrs_1/imports/new/nexys4_top.xdc]
Finished Parsing XDC File [D:/Vivado_Projects/RISC_SOC_v3/RISC_SOC_v3.srcs/constrs_1/imports/new/nexys4_top.xdc]
INFO: [Project 1-236] Implementation specific constraints were found while reading constraint file [D:/Vivado_Projects/RISC_SOC_v3/RISC_SOC_v3.srcs/constrs_1/imports/new/nexys4_top.xdc]. These constraints will be ignored for synthesis but will be used in implementation. Impacted constraints are listed in the file [.Xil/nexys4_top_propImpl.xdc].
Resolution: To avoid this warning, move constraints listed in [.Xil/nexys4_top_propImpl.xdc] to another XDC file and exclude this new file from synthesis with the used_in_synthesis property (File Properties dialog in GUI) and re-run elaboration/synthesis.
Completed Processing XDC Constraints

Netlist sorting complete. Time (s): cpu = 00:00:00 ; elapsed = 00:00:00.001 . Memory (MB): peak = 1371.746 ; gain = 0.000
INFO: [Project 1-111] Unisim Transformation Summary:
No Unisim elements were transformed.

Constraint Validation Runtime : Time (s): cpu = 00:00:00 ; elapsed = 00:00:00.013 . Memory (MB): peak = 1371.746 ; gain = 0.000
---------------------------------------------------------------------------------
Finished Constraint Validation : Time (s): cpu = 00:00:13 ; elapsed = 00:00:13 . Memory (MB): peak = 1371.746 ; gain = 226.914
---------------------------------------------------------------------------------
---------------------------------------------------------------------------------
Start Loading Part and Timing Information
---------------------------------------------------------------------------------
Loading part: xc7a100tcsg324-1
---------------------------------------------------------------------------------
Finished Loading Part and Timing Information : Time (s): cpu = 00:00:13 ; elapsed = 00:00:13 . Memory (MB): peak = 1371.746 ; gain = 226.914
---------------------------------------------------------------------------------
---------------------------------------------------------------------------------
Start Applying 'set_property' XDC Constraints
---------------------------------------------------------------------------------
---------------------------------------------------------------------------------
Finished applying 'set_property' XDC Constraints : Time (s): cpu = 00:00:13 ; elapsed = 00:00:13 . Memory (MB): peak = 1371.746 ; gain = 226.914
---------------------------------------------------------------------------------
INFO: [Synth 8-802] inferred FSM for state register 'state_reg' in module 'uart_rx'
INFO: [Synth 8-802] inferred FSM for state register 'state_reg' in module 'uart_tx'
INFO: [Synth 8-802] inferred FSM for state register 'tx_state_reg' in module 'soc_top'
---------------------------------------------------------------------------------------------------
                   State |                     New Encoding |                Previous Encoding 
---------------------------------------------------------------------------------------------------
                    IDLE |                            00001 |                              000
                   START |                            00010 |                              001
                    DATA |                            00100 |                              010
                    STOP |                            01000 |                              011
                    DONE |                            10000 |                              100
---------------------------------------------------------------------------------------------------
INFO: [Synth 8-3354] encoded FSM with state register 'state_reg' using encoding 'one-hot' in module 'uart_rx'
---------------------------------------------------------------------------------------------------
                   State |                     New Encoding |                Previous Encoding 
---------------------------------------------------------------------------------------------------
                    IDLE |                              000 |                              000
                   START |                              001 |                              001
                    DATA |                              010 |                              010
                    STOP |                              011 |                              011
                   CLEAN |                              100 |                              100
---------------------------------------------------------------------------------------------------
INFO: [Synth 8-3354] encoded FSM with state register 'state_reg' using encoding 'sequential' in module 'uart_tx'
---------------------------------------------------------------------------------------------------
                   State |                     New Encoding |                Previous Encoding 
---------------------------------------------------------------------------------------------------
                TX_READY |                              000 |                             0001
                 TX_IDLE |                              001 |                             0000
                TX_TRACE |                              010 |                             0101
                  TX_CPU |                              011 |                             0100
                  TX_RUN |                              100 |                             0011
                 TX_LOAD |                              101 |                             0010
---------------------------------------------------------------------------------------------------
INFO: [Synth 8-3354] encoded FSM with state register 'tx_state_reg' using encoding 'sequential' in module 'soc_top'
---------------------------------------------------------------------------------
Finished RTL Optimization Phase 2 : Time (s): cpu = 00:00:14 ; elapsed = 00:00:15 . Memory (MB): peak = 1371.746 ; gain = 226.914
---------------------------------------------------------------------------------
---------------------------------------------------------------------------------
Start RTL Component Statistics 
---------------------------------------------------------------------------------
Detailed RTL Component Info : 
+---Adders : 
	   2 Input   32 Bit       Adders := 2     
	   3 Input   32 Bit       Adders := 1     
	   2 Input   26 Bit       Adders := 1     
	   2 Input   24 Bit       Adders := 3     
	   2 Input   10 Bit       Adders := 2     
	   2 Input    8 Bit       Adders := 2     
	   2 Input    7 Bit       Adders := 24    
	   2 Input    6 Bit       Adders := 1     
	   2 Input    4 Bit       Adders := 1     
	   2 Input    3 Bit       Adders := 3     
+---XORs : 
	   2 Input     32 Bit         XORs := 1     
+---Registers : 
	               32 Bit    Registers := 41    
	               26 Bit    Registers := 1     
	               24 Bit    Registers := 4     
	               10 Bit    Registers := 2     
	                8 Bit    Registers := 5     
	                6 Bit    Registers := 1     
	                3 Bit    Registers := 3     
	                1 Bit    Registers := 20    
+---Multipliers : 
	              32x32  Multipliers := 1     
+---Muxes : 
	  33 Input   32 Bit        Muxes := 2     
	   2 Input   32 Bit        Muxes := 10    
	   4 Input   32 Bit        Muxes := 1     
	   2 Input   26 Bit        Muxes := 1     
	   3 Input   24 Bit        Muxes := 3     
	   2 Input   10 Bit        Muxes := 1     
	   5 Input   10 Bit        Muxes := 2     
	   5 Input    8 Bit        Muxes := 1     
	   6 Input    8 Bit        Muxes := 1     
	   2 Input    7 Bit        Muxes := 27    
	   8 Input    7 Bit        Muxes := 1     
	   6 Input    7 Bit        Muxes := 1     
	   2 Input    6 Bit        Muxes := 4     
	   6 Input    6 Bit        Muxes := 1     
	   5 Input    5 Bit        Muxes := 1     
	   2 Input    5 Bit        Muxes := 2     
	   2 Input    4 Bit        Muxes := 3     
	  17 Input    4 Bit        Muxes := 1     
	   2 Input    3 Bit        Muxes := 3     
	   5 Input    3 Bit        Muxes := 3     
	  11 Input    3 Bit        Muxes := 1     
	  10 Input    2 Bit        Muxes := 1     
	   2 Input    1 Bit        Muxes := 55    
	   5 Input    1 Bit        Muxes := 10    
	  10 Input    1 Bit        Muxes := 9     
	   6 Input    1 Bit        Muxes := 6     
---------------------------------------------------------------------------------
Finished RTL Component Statistics 
---------------------------------------------------------------------------------
---------------------------------------------------------------------------------
Start Part Resource Summary
---------------------------------------------------------------------------------
Part Resources:
DSPs: 240 (col length:80)
BRAMs: 270 (col length: RAMB18 80 RAMB36 40)
---------------------------------------------------------------------------------
Finished Part Resource Summary
---------------------------------------------------------------------------------
---------------------------------------------------------------------------------
Start Cross Boundary and Area Optimization
---------------------------------------------------------------------------------
DSP Report: Generating DSP result0, operation Mode is: A*B.
DSP Report: operator result0 is absorbed into DSP result0.
DSP Report: operator result0 is absorbed into DSP result0.
DSP Report: Generating DSP result0, operation Mode is: (PCIN>>17)+A*B.
DSP Report: operator result0 is absorbed into DSP result0.
DSP Report: operator result0 is absorbed into DSP result0.
DSP Report: Generating DSP result0, operation Mode is: A*B.
DSP Report: operator result0 is absorbed into DSP result0.
DSP Report: operator result0 is absorbed into DSP result0.
DSP Report: Generating DSP result0, operation Mode is: (PCIN>>17)+A*B.
DSP Report: operator result0 is absorbed into DSP result0.
DSP Report: operator result0 is absorbed into DSP result0.
---------------------------------------------------------------------------------
Finished Cross Boundary and Area Optimization : Time (s): cpu = 00:02:03 ; elapsed = 00:02:04 . Memory (MB): peak = 1371.746 ; gain = 226.914
---------------------------------------------------------------------------------
---------------------------------------------------------------------------------
Start ROM, RAM, DSP, Shift Register and Retiming Reporting
---------------------------------------------------------------------------------

Distributed RAM: Preliminary Mapping	Report (see note below)
+------------+-----------------------------+-----------+----------------------+---------------------------+
|Module Name | RTL Object                  | Inference | Size (Depth x Width) | Primitives                | 
+------------+-----------------------------+-----------+----------------------+---------------------------+
|nexys4_top  | u_soc/u_cpu/u_imem/imem_reg | Implied   | 256 x 32             | RAM64X1D x 8	RAM64M x 40	 | 
|nexys4_top  | u_soc/u_cpu/u_dmem/dmem_reg | Implied   | 256 x 32             | RAM256X1S x 32	           | 
+------------+-----------------------------+-----------+----------------------+---------------------------+

Note: The table above is a preliminary report that shows the Distributed RAMs at the current stage of the synthesis flow. Some Distributed RAMs may be reimplemented as non Distributed RAM primitives later in the synthesis flow. Multiple instantiated RAMs are reported only once.

DSP: Preliminary Mapping	Report (see note below)
+------------+----------------+--------+--------+--------+--------+--------+------+------+------+------+-------+------+------+
|Module Name | DSP Mapping    | A Size | B Size | C Size | D Size | P Size | AREG | BREG | CREG | DREG | ADREG | MREG | PREG | 
+------------+----------------+--------+--------+--------+--------+--------+------+------+------+------+-------+------+------+
|alu         | A*B            | 18     | 16     | -      | -      | 48     | 0    | 0    | -    | -    | -     | 0    | 0    | 
|alu         | (PCIN>>17)+A*B | 16     | 16     | -      | -      | 48     | 0    | 0    | -    | -    | -     | 0    | 0    | 
|alu         | A*B            | 18     | 18     | -      | -      | 48     | 0    | 0    | -    | -    | -     | 0    | 0    | 
|alu         | (PCIN>>17)+A*B | 18     | 16     | -      | -      | 48     | 0    | 0    | -    | -    | -     | 0    | 0    | 
+------------+----------------+--------+--------+--------+--------+--------+------+------+------+------+-------+------+------+

Note: The table above is a preliminary report that shows the DSPs inferred at the current stage of the synthesis flow. Some DSP may be reimplemented as non DSP primitives later in the synthesis flow. Multiple instantiated DSPs are reported only once.
---------------------------------------------------------------------------------
Finished ROM, RAM, DSP, Shift Register and Retiming Reporting
---------------------------------------------------------------------------------
---------------------------------------------------------------------------------
Start Applying XDC Timing Constraints
---------------------------------------------------------------------------------
---------------------------------------------------------------------------------
Finished Applying XDC Timing Constraints : Time (s): cpu = 00:02:11 ; elapsed = 00:02:13 . Memory (MB): peak = 1395.102 ; gain = 250.270
---------------------------------------------------------------------------------
---------------------------------------------------------------------------------
Start Timing Optimization
---------------------------------------------------------------------------------
---------------------------------------------------------------------------------
Finished Timing Optimization : Time (s): cpu = 00:02:38 ; elapsed = 00:02:40 . Memory (MB): peak = 1567.688 ; gain = 422.855
---------------------------------------------------------------------------------
---------------------------------------------------------------------------------
Start ROM, RAM, DSP, Shift Register and Retiming Reporting
---------------------------------------------------------------------------------

Distributed RAM: Final Mapping	Report
+------------+-----------------------------+-----------+----------------------+---------------------------+
|Module Name | RTL Object                  | Inference | Size (Depth x Width) | Primitives                | 
+------------+-----------------------------+-----------+----------------------+---------------------------+
|nexys4_top  | u_soc/u_cpu/u_imem/imem_reg | Implied   | 256 x 32             | RAM64X1D x 8	RAM64M x 40	 | 
|nexys4_top  | u_soc/u_cpu/u_dmem/dmem_reg | Implied   | 256 x 32             | RAM256X1S x 32	           | 
+------------+-----------------------------+-----------+----------------------+---------------------------+

---------------------------------------------------------------------------------
Finished ROM, RAM, DSP, Shift Register and Retiming Reporting
---------------------------------------------------------------------------------
---------------------------------------------------------------------------------
Start Technology Mapping
---------------------------------------------------------------------------------
---------------------------------------------------------------------------------
Finished Technology Mapping : Time (s): cpu = 00:02:45 ; elapsed = 00:02:47 . Memory (MB): peak = 1568.750 ; gain = 423.918
---------------------------------------------------------------------------------
---------------------------------------------------------------------------------
Start IO Insertion
---------------------------------------------------------------------------------
---------------------------------------------------------------------------------
Start Flattening Before IO Insertion
---------------------------------------------------------------------------------
---------------------------------------------------------------------------------
Finished Flattening Before IO Insertion
---------------------------------------------------------------------------------
---------------------------------------------------------------------------------
Start Final Netlist Cleanup
---------------------------------------------------------------------------------
---------------------------------------------------------------------------------
Finished Final Netlist Cleanup
---------------------------------------------------------------------------------
---------------------------------------------------------------------------------
Finished IO Insertion : Time (s): cpu = 00:02:49 ; elapsed = 00:02:51 . Memory (MB): peak = 1568.750 ; gain = 423.918
---------------------------------------------------------------------------------
---------------------------------------------------------------------------------
Start Renaming Generated Instances
---------------------------------------------------------------------------------
---------------------------------------------------------------------------------
Finished Renaming Generated Instances : Time (s): cpu = 00:02:49 ; elapsed = 00:02:51 . Memory (MB): peak = 1568.750 ; gain = 423.918
---------------------------------------------------------------------------------
---------------------------------------------------------------------------------
Start Rebuilding User Hierarchy
---------------------------------------------------------------------------------
---------------------------------------------------------------------------------
Finished Rebuilding User Hierarchy : Time (s): cpu = 00:02:50 ; elapsed = 00:02:52 . Memory (MB): peak = 1568.750 ; gain = 423.918
---------------------------------------------------------------------------------
---------------------------------------------------------------------------------
Start Renaming Generated Ports
---------------------------------------------------------------------------------
---------------------------------------------------------------------------------
Finished Renaming Generated Ports : Time (s): cpu = 00:02:50 ; elapsed = 00:02:52 . Memory (MB): peak = 1568.750 ; gain = 423.918
---------------------------------------------------------------------------------
---------------------------------------------------------------------------------
Start Handling Custom Attributes
---------------------------------------------------------------------------------
---------------------------------------------------------------------------------
Finished Handling Custom Attributes : Time (s): cpu = 00:02:50 ; elapsed = 00:02:52 . Memory (MB): peak = 1568.750 ; gain = 423.918
---------------------------------------------------------------------------------
---------------------------------------------------------------------------------
Start Renaming Generated Nets
---------------------------------------------------------------------------------
---------------------------------------------------------------------------------
Finished Renaming Generated Nets : Time (s): cpu = 00:02:50 ; elapsed = 00:02:52 . Memory (MB): peak = 1568.750 ; gain = 423.918
---------------------------------------------------------------------------------
---------------------------------------------------------------------------------
Start Writing Synthesis Report
---------------------------------------------------------------------------------

Report BlackBoxes: 
+-+--------------+----------+
| |BlackBox name |Instances |
+-+--------------+----------+
+-+--------------+----------+

Report Cell Usage: 
+------+----------+------+
|      |Cell      |Count |
+------+----------+------+
|1     |BUFG      |     1|
|2     |CARRY4    |   650|
|3     |DSP48E1   |     3|
|4     |LUT1      |    75|
|5     |LUT2      |   227|
|6     |LUT3      |  1396|
|7     |LUT4      |   231|
|8     |LUT5      |  1260|
|9     |LUT6      |  1158|
|10    |MUXF7     |   271|
|11    |MUXF8     |    30|
|12    |RAM256X1S |    32|
|13    |RAM64M    |    40|
|14    |RAM64X1D  |     8|
|15    |FDCE      |    17|
|16    |FDPE      |     2|
|17    |FDRE      |  1486|
|18    |FDSE      |     6|
|19    |IBUF      |     7|
|20    |OBUF      |    33|
+------+----------+------+
---------------------------------------------------------------------------------
Finished Writing Synthesis Report : Time (s): cpu = 00:02:50 ; elapsed = 00:02:52 . Memory (MB): peak = 1568.750 ; gain = 423.918
---------------------------------------------------------------------------------
Synthesis finished with 0 errors, 0 critical warnings and 0 warnings.
Synthesis Optimization Runtime : Time (s): cpu = 00:02:41 ; elapsed = 00:02:50 . Memory (MB): peak = 1568.750 ; gain = 302.836
Synthesis Optimization Complete : Time (s): cpu = 00:02:50 ; elapsed = 00:02:53 . Memory (MB): peak = 1568.750 ; gain = 423.918
INFO: [Project 1-571] Translating synthesized netlist
Netlist sorting complete. Time (s): cpu = 00:00:00 ; elapsed = 00:00:00.089 . Memory (MB): peak = 1580.637 ; gain = 0.000
INFO: [Netlist 29-17] Analyzing 1034 Unisim elements for replacement
INFO: [Netlist 29-28] Unisim Transformation completed in 0 CPU seconds
INFO: [Project 1-570] Preparing netlist for logic optimization
INFO: [Opt 31-138] Pushed 0 inverter(s) to 0 load pin(s).
Netlist sorting complete. Time (s): cpu = 00:00:00 ; elapsed = 00:00:00.002 . Memory (MB): peak = 1580.637 ; gain = 0.000
INFO: [Project 1-111] Unisim Transformation Summary:
  A total of 80 instances were transformed.
  RAM256X1S => RAM256X1S (MUXF7(x2), MUXF8, RAMS64E(x4)): 32 instances
  RAM64M => RAM64M (RAMD64E(x4)): 40 instances
  RAM64X1D => RAM64X1D (RAMD64E(x2)): 8 instances

INFO: [Common 17-83] Releasing license: Synthesis
62 Infos, 0 Warnings, 0 Critical Warnings and 0 Errors encountered.
synth_design completed successfully
synth_design: Time (s): cpu = 00:02:57 ; elapsed = 00:03:01 . Memory (MB): peak = 1580.637 ; gain = 435.805
INFO: [Common 17-1381] The checkpoint 'D:/Vivado_Projects/RISC_SOC_v3/RISC_SOC_v3.runs/synth_1/nexys4_top.dcp' has been generated.
INFO: [runtcl-4] Executing : report_utilization -file nexys4_top_utilization_synth.rpt -pb nexys4_top_utilization_synth.pb
INFO: [Common 17-206] Exiting Vivado at Sun May 24 18:52:31 2026...
